Warning: PowerShell detected that you might be using a screen reader and has disabled PSReadLine for compatibility purposes. If you want to re-enable it, run 'Import-Module PSReadLine'.

PS C:\Users\uphol\Documents\Design\Coding\ahk-mcp> docker-compose up ahk-mcp
unable to get image 'ahk-mcp-ahk-mcp': error during connect: Get "http://%2F%2F.%2Fpipe%2FdockerDesktopLinuxEngine/v1.51/images/ahk-mcp-ahk-mcp/json": open //./pipe/dockerDesktopLinuxEngine: The system cannot find the file specified.
PS C:\Users\uphol\Documents\Design\Coding\ahk-mcp> docker-compose up ahk-mcp
unable to get image 'ahk-mcp-ahk-mcp': error during connect: Get "http://%2F%2F.%2Fpipe%2FdockerDesktopLinuxEngine/v1.51/images/ahk-mcp-ahk-mcp/json": open //./pipe/dockerDesktopLinuxEngine: The system cannot find the file specified.
PS C:\Users\uphol\Documents\Design\Coding\ahk-mcp> docker-compose build ahk-mcp
[+] Building 15.4s (15/20)
 => [internal] load local bake definitions                                                                     0.0s
 => => reading from stdin 592B                                                                                 0.0s
 => [internal] load build definition from Dockerfile                                                           0.0s
 => => transferring dockerfile: 1.89kB                                                                         0.0s
 => [internal] load metadata for docker.io/library/node:20-alpine                                              1.3s
 => [auth] library/node:pull token for registry-1.docker.io                                                    0.0s
 => [internal] load .dockerignore                                                                              0.0s
 => => transferring context: 743B                                                                              0.0s
 => [internal] load build context                                                                              0.3s
 => => transferring context: 2.05MB                                                                            0.3s
 => [builder 1/8] FROM docker.io/library/node:20-alpine@sha256:1ab6fc5a31d515dc7b6b25f6acfda2001821f2c2400252  3.9s
 => => resolve docker.io/library/node:20-alpine@sha256:1ab6fc5a31d515dc7b6b25f6acfda2001821f2c2400252b6cb6104  0.0s
 => => sha256:cfdec67901844c550fbb1164a239e3d8a902853ebdc273f2f7f93ce5eaeda97f 1.72kB / 1.72kB                 0.0s 
 => => sha256:30c8b6e55a5d5ecb074e7f05c212f3f604e0890aafb779922dff8485054c1e26 6.42kB / 6.42kB                 0.0s 
 => => sha256:2d35ebdb57d9971fea0cac1582aa78935adf8058b2cc32db163c98822e5dfa1b 3.80MB / 3.80MB                 1.8s 
 => => sha256:c087321cece4f408fdac87711c4c5c51945101848dffd8848840912c1fceb02c 42.75MB / 42.75MB               1.7s 
 => => sha256:f2fbe8556258562779088bb23277d1d0b7e43fc6ddd52623166a2ac6d92bc73a 1.26MB / 1.26MB                 0.4s 
 => => sha256:1ab6fc5a31d515dc7b6b25f6acfda2001821f2c2400252b6cb61044bd9f9ad48 7.67kB / 7.67kB                 0.0s 
 => => sha256:c74c90aa7c8726728fa9d2e330254ef29381efbd566aaee9933c3113c26f20ce 445B / 445B                     0.6s
 => => extracting sha256:2d35ebdb57d9971fea0cac1582aa78935adf8058b2cc32db163c98822e5dfa1b                      0.1s
 => => extracting sha256:c087321cece4f408fdac87711c4c5c51945101848dffd8848840912c1fceb02c                      1.6s
 => => extracting sha256:f2fbe8556258562779088bb23277d1d0b7e43fc6ddd52623166a2ac6d92bc73a                      0.0s
 => => extracting sha256:c74c90aa7c8726728fa9d2e330254ef29381efbd566aaee9933c3113c26f20ce                      0.0s
 => [production 2/7] RUN apk add --no-cache     ca-certificates     wget     && addgroup -g 1001 -S nodejs     2.0s
 => [builder 2/8] WORKDIR /app                                                                                 0.1s 
 => [builder 3/8] COPY package*.json ./                                                                        0.0s 
 => [builder 4/8] COPY tsconfig*.json ./                                                                       0.1s 
 => ERROR [builder 5/8] RUN npm ci && npm cache clean --force                                                  9.4s 
 => [production 3/7] WORKDIR /app                                                                              0.1s 
 => [production 4/7] COPY --chown=ahk-mcp:nodejs package*.json ./                                              0.0s 
 => CANCELED [production 5/7] RUN npm ci --only=production && npm cache clean --force                          7.7s 
------
 > [builder 5/8] RUN npm ci && npm cache clean --force:
9.313 npm error code EUSAGE
9.313 npm error
9.313 npm error `npm ci` can only install packages when your package.json and package-lock.json or npm-shrinkwrap.json are in sync. Please update your lock file with `npm install` before continuing.
9.313 npm error
9.313 npm error Missing: @jest/globals@29.7.0 from lock file
9.313 npm error Missing: @types/jest@29.5.14 from lock file
9.313 npm error Missing: jest@29.7.0 from lock file
9.313 npm error Missing: jest-watch-typeahead@2.2.2 from lock file
9.313 npm error Missing: ts-jest@29.4.5 from lock file
9.313 npm error Missing: @jest/environment@29.7.0 from lock file
9.313 npm error Missing: @jest/expect@29.7.0 from lock file
9.313 npm error Missing: @jest/types@29.6.3 from lock file
9.313 npm error Missing: jest-mock@29.7.0 from lock file
9.313 npm error Missing: @jest/fake-timers@29.7.0 from lock file
9.313 npm error Missing: expect@29.7.0 from lock file
9.313 npm error Missing: jest-snapshot@29.7.0 from lock file
9.313 npm error Missing: @sinonjs/fake-timers@10.3.0 from lock file
9.313 npm error Missing: jest-message-util@29.7.0 from lock file
9.313 npm error Missing: jest-util@29.7.0 from lock file
9.313 npm error Missing: @jest/schemas@29.6.3 from lock file
9.313 npm error Missing: @types/istanbul-lib-coverage@2.0.6 from lock file
9.313 npm error Missing: @types/istanbul-reports@3.0.4 from lock file
9.313 npm error Missing: @types/yargs@17.0.33 from lock file
9.313 npm error Missing: @sinclair/typebox@0.27.8 from lock file
9.313 npm error Missing: @sinonjs/commons@3.0.1 from lock file
9.313 npm error Missing: type-detect@4.0.8 from lock file
9.313 npm error Missing: @types/istanbul-lib-report@3.0.3 from lock file
9.313 npm error Missing: pretty-format@29.7.0 from lock file
9.313 npm error Missing: @types/yargs-parser@21.0.3 from lock file
9.313 npm error Missing: @jest/expect-utils@29.7.0 from lock file
9.313 npm error Missing: jest-get-type@29.6.3 from lock file
9.313 npm error Missing: jest-matcher-utils@29.7.0 from lock file
9.313 npm error Missing: @jest/core@29.7.0 from lock file
9.313 npm error Missing: import-local@3.2.0 from lock file
9.313 npm error Missing: jest-cli@29.7.0 from lock file
9.313 npm error Missing: @jest/console@29.7.0 from lock file
9.313 npm error Missing: @jest/reporters@29.7.0 from lock file
9.313 npm error Missing: @jest/test-result@29.7.0 from lock file
9.313 npm error Missing: @jest/transform@29.7.0 from lock file
9.313 npm error Missing: ansi-escapes@4.3.2 from lock file
9.313 npm error Missing: ci-info@3.9.0 from lock file
9.313 npm error Missing: exit@0.1.2 from lock file
9.313 npm error Missing: graceful-fs@4.2.11 from lock file
9.313 npm error Missing: jest-changed-files@29.7.0 from lock file
9.313 npm error Missing: jest-config@29.7.0 from lock file
9.313 npm error Missing: jest-haste-map@29.7.0 from lock file
9.313 npm error Missing: jest-regex-util@29.6.3 from lock file
9.313 npm error Missing: jest-resolve@29.7.0 from lock file
9.313 npm error Missing: jest-resolve-dependencies@29.7.0 from lock file
9.313 npm error Missing: jest-runner@29.7.0 from lock file
9.313 npm error Missing: jest-runtime@29.7.0 from lock file
9.313 npm error Missing: jest-validate@29.7.0 from lock file
9.313 npm error Missing: jest-watcher@29.7.0 from lock file
9.313 npm error Missing: @bcoe/v8-coverage@0.2.3 from lock file
9.313 npm error Missing: @jridgewell/trace-mapping@0.3.31 from lock file
9.313 npm error Missing: collect-v8-coverage@1.0.3 from lock file
9.313 npm error Missing: glob@7.2.3 from lock file
9.313 npm error Missing: istanbul-lib-coverage@3.2.2 from lock file
9.313 npm error Missing: istanbul-lib-instrument@6.0.3 from lock file
9.313 npm error Missing: istanbul-lib-report@3.0.1 from lock file
9.313 npm error Missing: istanbul-lib-source-maps@4.0.1 from lock file
9.313 npm error Missing: istanbul-reports@3.2.0 from lock file
9.313 npm error Missing: jest-worker@29.7.0 from lock file
9.313 npm error Missing: string-length@4.0.2 from lock file
9.313 npm error Missing: v8-to-istanbul@9.3.0 from lock file
9.313 npm error Missing: @babel/core@7.28.4 from lock file
9.313 npm error Missing: @jridgewell/trace-mapping@0.3.31 from lock file
9.313 npm error Missing: babel-plugin-istanbul@6.1.1 from lock file
9.313 npm error Missing: convert-source-map@2.0.0 from lock file
9.313 npm error Missing: pirates@4.0.7 from lock file
9.313 npm error Missing: write-file-atomic@4.0.2 from lock file
9.313 npm error Missing: @babel/code-frame@7.27.1 from lock file
9.313 npm error Missing: @babel/generator@7.28.3 from lock file
9.313 npm error Missing: @babel/helper-compilation-targets@7.27.2 from lock file
9.313 npm error Missing: @babel/helper-module-transforms@7.28.3 from lock file
9.313 npm error Missing: @babel/helpers@7.28.4 from lock file
9.313 npm error Missing: @babel/parser@7.28.4 from lock file
9.313 npm error Missing: @babel/template@7.27.2 from lock file
9.313 npm error Missing: @babel/traverse@7.28.4 from lock file
9.313 npm error Missing: @babel/types@7.28.4 from lock file
9.313 npm error Missing: @jridgewell/remapping@2.3.5 from lock file
9.313 npm error Missing: gensync@1.0.0-beta.2 from lock file
9.313 npm error Missing: json5@2.2.3 from lock file
9.313 npm error Missing: semver@6.3.1 from lock file
9.313 npm error Missing: @babel/helper-validator-identifier@7.27.1 from lock file
9.313 npm error Missing: js-tokens@4.0.0 from lock file
9.313 npm error Missing: picocolors@1.1.1 from lock file
9.313 npm error Missing: @jridgewell/gen-mapping@0.3.13 from lock file
9.313 npm error Missing: @jridgewell/trace-mapping@0.3.31 from lock file
9.313 npm error Missing: jsesc@3.1.0 from lock file
9.313 npm error Missing: @babel/compat-data@7.28.4 from lock file
9.313 npm error Missing: @babel/helper-validator-option@7.27.1 from lock file
9.313 npm error Missing: browserslist@4.26.3 from lock file
9.313 npm error Missing: lru-cache@5.1.1 from lock file
9.313 npm error Missing: semver@6.3.1 from lock file
9.313 npm error Missing: @babel/helper-module-imports@7.27.1 from lock file
9.313 npm error Missing: @babel/helper-globals@7.28.0 from lock file
9.313 npm error Missing: @babel/helper-string-parser@7.27.1 from lock file
9.313 npm error Missing: @jridgewell/trace-mapping@0.3.31 from lock file
9.313 npm error Missing: @jridgewell/trace-mapping@0.3.31 from lock file
9.313 npm error Missing: type-fest@0.21.3 from lock file
9.313 npm error Missing: @babel/helper-plugin-utils@7.27.1 from lock file
9.313 npm error Missing: @istanbuljs/load-nyc-config@1.1.0 from lock file
9.313 npm error Missing: @istanbuljs/schema@0.1.3 from lock file
9.313 npm error Missing: istanbul-lib-instrument@5.2.1 from lock file
9.313 npm error Missing: test-exclude@6.0.0 from lock file
9.313 npm error Missing: camelcase@5.3.1 from lock file
9.313 npm error Missing: find-up@4.1.0 from lock file
9.313 npm error Missing: get-package-type@0.1.0 from lock file
9.313 npm error Missing: js-yaml@3.14.1 from lock file
9.313 npm error Missing: resolve-from@5.0.0 from lock file
9.313 npm error Missing: baseline-browser-mapping@2.8.17 from lock file
9.313 npm error Missing: caniuse-lite@1.0.30001751 from lock file
9.313 npm error Missing: electron-to-chromium@1.5.237 from lock file
9.313 npm error Missing: node-releases@2.0.25 from lock file
9.313 npm error Missing: update-browserslist-db@1.1.3 from lock file
9.313 npm error Missing: pkg-dir@4.2.0 from lock file
9.313 npm error Missing: resolve-cwd@3.0.0 from lock file
9.313 npm error Missing: make-dir@4.0.0 from lock file
9.313 npm error Missing: source-map@0.6.1 from lock file
9.313 npm error Missing: html-escaper@2.0.2 from lock file
9.313 npm error Missing: execa@5.1.1 from lock file
9.313 npm error Missing: get-stream@6.0.1 from lock file
9.313 npm error Missing: human-signals@2.1.0 from lock file
9.313 npm error Missing: is-stream@2.0.1 from lock file
9.313 npm error Missing: merge-stream@2.0.0 from lock file
9.313 npm error Missing: npm-run-path@4.0.1 from lock file
9.313 npm error Missing: onetime@5.1.2 from lock file
9.313 npm error Missing: signal-exit@3.0.7 from lock file
9.313 npm error Missing: strip-final-newline@2.0.0 from lock file
9.313 npm error Missing: create-jest@29.7.0 from lock file
9.313 npm error Missing: yargs@17.7.2 from lock file
9.313 npm error Missing: prompts@2.4.2 from lock file
9.313 npm error Missing: @jest/test-sequencer@29.7.0 from lock file
9.313 npm error Missing: babel-jest@29.7.0 from lock file
9.313 npm error Missing: deepmerge@4.3.1 from lock file
9.313 npm error Missing: glob@7.2.3 from lock file
9.313 npm error Missing: jest-circus@29.7.0 from lock file
9.313 npm error Missing: jest-environment-node@29.7.0 from lock file
9.313 npm error Missing: parse-json@5.2.0 from lock file
9.313 npm error Missing: @types/babel__core@7.20.5 from lock file
9.313 npm error Missing: babel-preset-jest@29.6.3 from lock file
9.313 npm error Missing: @types/babel__generator@7.27.0 from lock file
9.313 npm error Missing: @types/babel__template@7.4.4 from lock file
9.313 npm error Missing: @types/babel__traverse@7.28.0 from lock file
9.313 npm error Missing: babel-plugin-jest-hoist@29.6.3 from lock file
9.313 npm error Missing: babel-preset-current-node-syntax@1.2.0 from lock file
9.313 npm error Missing: @babel/plugin-syntax-async-generators@7.8.4 from lock file
9.313 npm error Missing: @babel/plugin-syntax-bigint@7.8.3 from lock file
9.313 npm error Missing: @babel/plugin-syntax-class-properties@7.12.13 from lock file
9.313 npm error Missing: @babel/plugin-syntax-class-static-block@7.14.5 from lock file
9.313 npm error Missing: @babel/plugin-syntax-import-attributes@7.27.1 from lock file
9.313 npm error Missing: @babel/plugin-syntax-import-meta@7.10.4 from lock file
9.313 npm error Missing: @babel/plugin-syntax-json-strings@7.8.3 from lock file
9.313 npm error Missing: @babel/plugin-syntax-logical-assignment-operators@7.10.4 from lock file
9.313 npm error Missing: @babel/plugin-syntax-nullish-coalescing-operator@7.8.3 from lock file
9.313 npm error Missing: @babel/plugin-syntax-numeric-separator@7.10.4 from lock file
9.313 npm error Missing: @babel/plugin-syntax-object-rest-spread@7.8.3 from lock file
9.313 npm error Missing: @babel/plugin-syntax-optional-catch-binding@7.8.3 from lock file
9.313 npm error Missing: @babel/plugin-syntax-optional-chaining@7.8.3 from lock file
9.313 npm error Missing: @babel/plugin-syntax-private-property-in-object@7.14.5 from lock file
9.313 npm error Missing: @babel/plugin-syntax-top-level-await@7.14.5 from lock file
9.313 npm error Missing: co@4.6.0 from lock file
9.313 npm error Missing: dedent@1.7.0 from lock file
9.313 npm error Missing: is-generator-fn@2.1.0 from lock file
9.313 npm error Missing: jest-each@29.7.0 from lock file
9.313 npm error Missing: pure-rand@6.1.0 from lock file
9.313 npm error Missing: stack-utils@2.0.6 from lock file
9.313 npm error Missing: @types/graceful-fs@4.1.9 from lock file
9.313 npm error Missing: anymatch@3.1.3 from lock file
9.313 npm error Missing: fb-watchman@2.0.2 from lock file
9.313 npm error Missing: fsevents@2.3.3 from lock file
9.313 npm error Missing: walker@1.0.8 from lock file
9.313 npm error Missing: normalize-path@3.0.0 from lock file
9.313 npm error Missing: bser@2.1.1 from lock file
9.313 npm error Missing: node-int64@0.4.0 from lock file
9.313 npm error Missing: jest-diff@29.7.0 from lock file
9.313 npm error Missing: diff-sequences@29.6.3 from lock file
9.313 npm error Missing: @types/stack-utils@2.0.3 from lock file
9.313 npm error Missing: jest-pnp-resolver@1.2.3 from lock file
9.313 npm error Missing: resolve@1.22.10 from lock file
9.313 npm error Missing: resolve.exports@2.0.3 from lock file
9.313 npm error Missing: emittery@0.13.1 from lock file
9.313 npm error Missing: jest-docblock@29.7.0 from lock file
9.313 npm error Missing: jest-leak-detector@29.7.0 from lock file
9.313 npm error Missing: source-map-support@0.5.13 from lock file
9.313 npm error Missing: detect-newline@3.1.0 from lock file
9.313 npm error Missing: @jest/source-map@29.6.3 from lock file
9.313 npm error Missing: cjs-module-lexer@1.4.3 from lock file
9.313 npm error Missing: glob@7.2.3 from lock file
9.313 npm error Missing: strip-bom@4.0.0 from lock file
9.313 npm error Missing: @jridgewell/trace-mapping@0.3.31 from lock file
9.313 npm error Missing: @babel/plugin-syntax-jsx@7.27.1 from lock file
9.313 npm error Missing: @babel/plugin-syntax-typescript@7.27.1 from lock file
9.313 npm error Missing: camelcase@6.3.0 from lock file
9.313 npm error Missing: leven@3.1.0 from lock file
9.313 npm error Missing: ansi-escapes@6.2.1 from lock file
9.313 npm error Missing: chalk@5.6.2 from lock file
9.313 npm error Missing: slash@5.1.0 from lock file
9.313 npm error Missing: string-length@5.0.1 from lock file
9.313 npm error Missing: strip-ansi@7.1.2 from lock file
9.313 npm error Missing: supports-color@8.1.1 from lock file
9.313 npm error Missing: mimic-fn@2.1.0 from lock file
9.313 npm error Missing: error-ex@1.3.4 from lock file
9.313 npm error Missing: json-parse-even-better-errors@2.3.1 from lock file
9.313 npm error Missing: lines-and-columns@1.2.4 from lock file
9.313 npm error Missing: is-arrayish@0.2.1 from lock file
9.313 npm error Missing: find-up@4.1.0 from lock file
9.313 npm error Missing: ansi-styles@5.2.0 from lock file
9.313 npm error Missing: react-is@18.3.1 from lock file
9.313 npm error Missing: kleur@3.0.3 from lock file
9.313 npm error Missing: sisteransi@1.0.5 from lock file
9.313 npm error Missing: is-core-module@2.16.1 from lock file
9.313 npm error Missing: path-parse@1.0.7 from lock file
9.313 npm error Missing: supports-preserve-symlinks-flag@1.0.0 from lock file
9.313 npm error Missing: resolve-from@5.0.0 from lock file
9.313 npm error Missing: buffer-from@1.1.2 from lock file
9.313 npm error Missing: escape-string-regexp@2.0.0 from lock file
9.313 npm error Missing: char-regex@1.0.2 from lock file
9.313 npm error Missing: glob@7.2.3 from lock file
9.313 npm error Missing: minimatch@3.1.2 from lock file
9.313 npm error Missing: bs-logger@0.2.6 from lock file
9.313 npm error Missing: handlebars@4.7.8 from lock file
9.313 npm error Missing: lodash.memoize@4.1.2 from lock file
9.313 npm error Missing: semver@7.7.3 from lock file
9.313 npm error Missing: type-fest@4.41.0 from lock file
9.313 npm error Missing: yargs-parser@21.1.1 from lock file
9.313 npm error Missing: minimist@1.2.8 from lock file
9.313 npm error Missing: neo-async@2.6.2 from lock file
9.313 npm error Missing: uglify-js@3.19.3 from lock file
9.313 npm error Missing: wordwrap@1.0.0 from lock file
9.313 npm error Missing: escalade@3.2.0 from lock file
9.313 npm error Missing: @jridgewell/trace-mapping@0.3.31 from lock file
9.313 npm error Missing: makeerror@1.0.12 from lock file
9.313 npm error Missing: tmpl@1.0.5 from lock file
9.313 npm error Missing: signal-exit@3.0.7 from lock file
9.313 npm error Missing: cliui@8.0.1 from lock file
9.313 npm error Missing: get-caller-file@2.0.5 from lock file
9.313 npm error Missing: require-directory@2.1.1 from lock file
9.313 npm error Missing: string-width@4.2.3 from lock file
9.313 npm error Missing: y18n@5.0.8 from lock file
9.313 npm error Missing: string-width@4.2.3 from lock file
9.313 npm error Missing: wrap-ansi@7.0.0 from lock file
9.313 npm error Missing: yallist@3.1.1 from lock file
9.313 npm error Missing: locate-path@5.0.0 from lock file
9.313 npm error Missing: argparse@1.0.10 from lock file
9.313 npm error Missing: esprima@4.0.1 from lock file
9.313 npm error Missing: sprintf-js@1.0.3 from lock file
9.313 npm error Missing: p-locate@4.1.0 from lock file
9.313 npm error Missing: p-limit@2.3.0 from lock file
9.313 npm error Missing: p-try@2.2.0 from lock file
9.313 npm error Missing: minimatch@3.1.2 from lock file
9.313 npm error Missing: brace-expansion@1.1.12 from lock file
9.313 npm error Missing: semver@6.3.1 from lock file
9.313 npm error Missing: emoji-regex@8.0.0 from lock file
9.313 npm error Missing: minimatch@3.1.2 from lock file
9.313 npm error Missing: brace-expansion@1.1.12 from lock file
9.313 npm error Missing: minimatch@3.1.2 from lock file
9.313 npm error Missing: brace-expansion@1.1.12 from lock file
9.313 npm error Missing: char-regex@2.0.2 from lock file
9.313 npm error Missing: ansi-regex@6.2.2 from lock file
9.313 npm error Missing: locate-path@5.0.0 from lock file
9.313 npm error Missing: p-locate@4.1.0 from lock file
9.313 npm error Missing: p-limit@2.3.0 from lock file
9.313 npm error Missing: brace-expansion@1.1.12 from lock file
9.313 npm error Missing: emoji-regex@8.0.0 from lock file
9.313 npm error
9.313 npm error Clean install a project
9.313 npm error
9.313 npm error Usage:
9.313 npm error npm ci
9.313 npm error
9.313 npm error Options:
9.313 npm error [--install-strategy <hoisted|nested|shallow|linked>] [--legacy-bundling]
9.313 npm error [--global-style] [--omit <dev|optional|peer> [--omit <dev|optional|peer> ...]]
9.313 npm error [--include <prod|dev|optional|peer> [--include <prod|dev|optional|peer> ...]]
9.313 npm error [--strict-peer-deps] [--foreground-scripts] [--ignore-scripts] [--no-audit]
9.313 npm error [--no-bin-links] [--no-fund] [--dry-run]
9.313 npm error [-w|--workspace <workspace-name> [-w|--workspace <workspace-name> ...]]
9.313 npm error [-ws|--workspaces] [--include-workspace-root] [--install-links]
9.313 npm error
9.313 npm error aliases: clean-install, ic, install-clean, isntall-clean
9.313 npm error
9.313 npm error Run "npm help ci" for more info
9.315 npm notice
9.315 npm notice New major version of npm available! 10.8.2 -> 11.6.2
9.315 npm notice Changelog: https://github.com/npm/cli/releases/tag/v11.6.2
9.315 npm notice To update run: npm install -g npm@11.6.2
9.315 npm notice
9.315 npm error A complete log of this run can be found in: /root/.npm/_logs/2025-10-17T19_15_39_737Z-debug-0.log   
------
Dockerfile:12

--------------------

  10 |

  11 |     # Install ALL dependencies (needed for build)

  12 | >>> RUN npm ci && npm cache clean --force

  13 |

  14 |     # Copy source code

--------------------
a
failed to solve: process "/bin/sh -c npm ci && npm cache clean --force" did not complete successfully: exit code: 1 



View build details: docker-desktop://dashboard/build/default/default/4r55pqlo4nn7v60eik7rgg9vi

PS C:\Users\uphol\Documents\Design\Coding\ahk-mcp> docker-compose up ahk-mcp
[+] Building 10.9s (14/19)
 => [internal] load local bake definitions                                                                     0.0s
 => => reading from stdin 592B                                                                                 0.0s
 => [internal] load build definition from Dockerfile                                                           0.0s
 => => transferring dockerfile: 1.89kB                                                                         0.0s 
 => [internal] load metadata for docker.io/library/node:20-alpine                                              0.3s 
 => [internal] load .dockerignore                                                                              0.0s
 => => transferring context: 743B                                                                              0.0s 
 => [internal] load build context                                                                              0.0s 
 => => transferring context: 4.96kB                                                                            0.0s 
 => [builder 1/8] FROM docker.io/library/node:20-alpine@sha256:1ab6fc5a31d515dc7b6b25f6acfda2001821f2c2400252  0.0s 
 => CACHED [production 2/7] RUN apk add --no-cache     ca-certificates     wget     && addgroup -g 1001 -S no  0.0s 
 => CACHED [production 3/7] WORKDIR /app                                                                       0.0s 
 => CACHED [production 4/7] COPY --chown=ahk-mcp:nodejs package*.json ./                                       0.0s 
 => CACHED [builder 2/8] WORKDIR /app                                                                          0.0s 
 => CACHED [builder 3/8] COPY package*.json ./                                                                 0.0s 
 => CACHED [builder 4/8] COPY tsconfig*.json ./                                                                0.0s 
 => CANCELED [production 5/7] RUN npm ci --only=production && npm cache clean --force                         10.3s 
 => ERROR [builder 5/8] RUN npm ci && npm cache clean --force                                                 10.1s 
------
 > [builder 5/8] RUN npm ci && npm cache clean --force:                                                             
9.975 npm error code EUSAGE                                                                                         
9.975 npm error                                                                                                     
9.975 npm error `npm ci` can only install packages when your package.json and package-lock.json or npm-shrinkwrap.json are in sync. Please update your lock file with `npm install` before continuing.
9.975 npm error
9.975 npm error Missing: @jest/globals@29.7.0 from lock file
9.975 npm error Missing: @types/jest@29.5.14 from lock file
9.975 npm error Missing: jest@29.7.0 from lock file
9.975 npm error Missing: jest-watch-typeahead@2.2.2 from lock file
9.975 npm error Missing: ts-jest@29.4.5 from lock file
9.975 npm error Missing: @jest/environment@29.7.0 from lock file
9.975 npm error Missing: @jest/expect@29.7.0 from lock file
9.975 npm error Missing: @jest/types@29.6.3 from lock file
9.975 npm error Missing: jest-mock@29.7.0 from lock file
9.975 npm error Missing: @jest/fake-timers@29.7.0 from lock file
9.975 npm error Missing: expect@29.7.0 from lock file
9.975 npm error Missing: jest-snapshot@29.7.0 from lock file
9.975 npm error Missing: @sinonjs/fake-timers@10.3.0 from lock file
9.975 npm error Missing: jest-message-util@29.7.0 from lock file
9.975 npm error Missing: jest-util@29.7.0 from lock file
9.975 npm error Missing: @jest/schemas@29.6.3 from lock file
9.975 npm error Missing: @types/istanbul-lib-coverage@2.0.6 from lock file
9.975 npm error Missing: @types/istanbul-reports@3.0.4 from lock file
9.975 npm error Missing: @types/yargs@17.0.33 from lock file
9.975 npm error Missing: @sinclair/typebox@0.27.8 from lock file
9.975 npm error Missing: @sinonjs/commons@3.0.1 from lock file
9.975 npm error Missing: type-detect@4.0.8 from lock file
9.975 npm error Missing: @types/istanbul-lib-report@3.0.3 from lock file
9.975 npm error Missing: pretty-format@29.7.0 from lock file
9.975 npm error Missing: @types/yargs-parser@21.0.3 from lock file
9.975 npm error Missing: @jest/expect-utils@29.7.0 from lock file
9.975 npm error Missing: jest-get-type@29.6.3 from lock file
9.975 npm error Missing: jest-matcher-utils@29.7.0 from lock file
9.975 npm error Missing: @jest/core@29.7.0 from lock file
9.975 npm error Missing: import-local@3.2.0 from lock file
9.975 npm error Missing: jest-cli@29.7.0 from lock file
9.975 npm error Missing: @jest/console@29.7.0 from lock file
9.975 npm error Missing: @jest/reporters@29.7.0 from lock file
9.975 npm error Missing: @jest/test-result@29.7.0 from lock file
9.975 npm error Missing: @jest/transform@29.7.0 from lock file
9.975 npm error Missing: ansi-escapes@4.3.2 from lock file
9.975 npm error Missing: ci-info@3.9.0 from lock file
9.975 npm error Missing: exit@0.1.2 from lock file
9.975 npm error Missing: graceful-fs@4.2.11 from lock file
9.975 npm error Missing: jest-changed-files@29.7.0 from lock file
9.975 npm error Missing: jest-config@29.7.0 from lock file
9.975 npm error Missing: jest-haste-map@29.7.0 from lock file
9.975 npm error Missing: jest-regex-util@29.6.3 from lock file
9.975 npm error Missing: jest-resolve@29.7.0 from lock file
9.975 npm error Missing: jest-resolve-dependencies@29.7.0 from lock file
9.975 npm error Missing: jest-runner@29.7.0 from lock file
9.975 npm error Missing: jest-runtime@29.7.0 from lock file
9.975 npm error Missing: jest-validate@29.7.0 from lock file
9.975 npm error Missing: jest-watcher@29.7.0 from lock file
9.975 npm error Missing: @bcoe/v8-coverage@0.2.3 from lock file
9.975 npm error Missing: @jridgewell/trace-mapping@0.3.31 from lock file
9.975 npm error Missing: collect-v8-coverage@1.0.3 from lock file
9.975 npm error Missing: glob@7.2.3 from lock file
9.975 npm error Missing: istanbul-lib-coverage@3.2.2 from lock file
9.975 npm error Missing: istanbul-lib-instrument@6.0.3 from lock file
9.975 npm error Missing: istanbul-lib-report@3.0.1 from lock file
9.975 npm error Missing: istanbul-lib-source-maps@4.0.1 from lock file
9.975 npm error Missing: istanbul-reports@3.2.0 from lock file
9.975 npm error Missing: jest-worker@29.7.0 from lock file
9.975 npm error Missing: string-length@4.0.2 from lock file
9.975 npm error Missing: v8-to-istanbul@9.3.0 from lock file
9.975 npm error Missing: @babel/core@7.28.4 from lock file
9.975 npm error Missing: @jridgewell/trace-mapping@0.3.31 from lock file
9.975 npm error Missing: babel-plugin-istanbul@6.1.1 from lock file
9.975 npm error Missing: convert-source-map@2.0.0 from lock file
9.975 npm error Missing: pirates@4.0.7 from lock file
9.975 npm error Missing: write-file-atomic@4.0.2 from lock file
9.975 npm error Missing: @babel/code-frame@7.27.1 from lock file
9.975 npm error Missing: @babel/generator@7.28.3 from lock file
9.975 npm error Missing: @babel/helper-compilation-targets@7.27.2 from lock file
9.975 npm error Missing: @babel/helper-module-transforms@7.28.3 from lock file
9.975 npm error Missing: @babel/helpers@7.28.4 from lock file
9.975 npm error Missing: @babel/parser@7.28.4 from lock file
9.975 npm error Missing: @babel/template@7.27.2 from lock file
9.975 npm error Missing: @babel/traverse@7.28.4 from lock file
9.975 npm error Missing: @babel/types@7.28.4 from lock file
9.975 npm error Missing: @jridgewell/remapping@2.3.5 from lock file
9.975 npm error Missing: gensync@1.0.0-beta.2 from lock file
9.975 npm error Missing: json5@2.2.3 from lock file
9.975 npm error Missing: semver@6.3.1 from lock file
9.975 npm error Missing: @babel/helper-validator-identifier@7.27.1 from lock file
9.975 npm error Missing: js-tokens@4.0.0 from lock file
9.975 npm error Missing: picocolors@1.1.1 from lock file
9.975 npm error Missing: @jridgewell/gen-mapping@0.3.13 from lock file
9.975 npm error Missing: @jridgewell/trace-mapping@0.3.31 from lock file
9.975 npm error Missing: jsesc@3.1.0 from lock file
9.975 npm error Missing: @babel/compat-data@7.28.4 from lock file
9.975 npm error Missing: @babel/helper-validator-option@7.27.1 from lock file
9.975 npm error Missing: browserslist@4.26.3 from lock file
9.975 npm error Missing: lru-cache@5.1.1 from lock file
9.975 npm error Missing: semver@6.3.1 from lock file
9.975 npm error Missing: @babel/helper-module-imports@7.27.1 from lock file
9.975 npm error Missing: @babel/helper-globals@7.28.0 from lock file
9.975 npm error Missing: @babel/helper-string-parser@7.27.1 from lock file
9.975 npm error Missing: @jridgewell/trace-mapping@0.3.31 from lock file
9.975 npm error Missing: @jridgewell/trace-mapping@0.3.31 from lock file
9.975 npm error Missing: type-fest@0.21.3 from lock file
9.975 npm error Missing: @babel/helper-plugin-utils@7.27.1 from lock file
9.975 npm error Missing: @istanbuljs/load-nyc-config@1.1.0 from lock file
9.975 npm error Missing: @istanbuljs/schema@0.1.3 from lock file
9.975 npm error Missing: istanbul-lib-instrument@5.2.1 from lock file
9.975 npm error Missing: test-exclude@6.0.0 from lock file
9.975 npm error Missing: camelcase@5.3.1 from lock file
9.975 npm error Missing: find-up@4.1.0 from lock file
9.975 npm error Missing: get-package-type@0.1.0 from lock file
9.975 npm error Missing: js-yaml@3.14.1 from lock file
9.975 npm error Missing: resolve-from@5.0.0 from lock file
9.975 npm error Missing: baseline-browser-mapping@2.8.17 from lock file
9.975 npm error Missing: caniuse-lite@1.0.30001751 from lock file
9.975 npm error Missing: electron-to-chromium@1.5.237 from lock file
9.975 npm error Missing: node-releases@2.0.25 from lock file
9.975 npm error Missing: update-browserslist-db@1.1.3 from lock file
9.975 npm error Missing: pkg-dir@4.2.0 from lock file
9.975 npm error Missing: resolve-cwd@3.0.0 from lock file
9.975 npm error Missing: make-dir@4.0.0 from lock file
9.975 npm error Missing: source-map@0.6.1 from lock file
9.975 npm error Missing: html-escaper@2.0.2 from lock file
9.975 npm error Missing: execa@5.1.1 from lock file
9.975 npm error Missing: get-stream@6.0.1 from lock file
9.975 npm error Missing: human-signals@2.1.0 from lock file
9.975 npm error Missing: is-stream@2.0.1 from lock file
9.975 npm error Missing: merge-stream@2.0.0 from lock file
9.975 npm error Missing: npm-run-path@4.0.1 from lock file
9.975 npm error Missing: onetime@5.1.2 from lock file
9.975 npm error Missing: signal-exit@3.0.7 from lock file
9.975 npm error Missing: strip-final-newline@2.0.0 from lock file
9.975 npm error Missing: create-jest@29.7.0 from lock file
9.975 npm error Missing: yargs@17.7.2 from lock file
9.975 npm error Missing: prompts@2.4.2 from lock file
9.975 npm error Missing: @jest/test-sequencer@29.7.0 from lock file
9.975 npm error Missing: babel-jest@29.7.0 from lock file
9.975 npm error Missing: deepmerge@4.3.1 from lock file
9.975 npm error Missing: glob@7.2.3 from lock file
9.975 npm error Missing: jest-circus@29.7.0 from lock file
9.975 npm error Missing: jest-environment-node@29.7.0 from lock file
9.975 npm error Missing: parse-json@5.2.0 from lock file
9.975 npm error Missing: @types/babel__core@7.20.5 from lock file
9.975 npm error Missing: babel-preset-jest@29.6.3 from lock file
9.975 npm error Missing: @types/babel__generator@7.27.0 from lock file
9.975 npm error Missing: @types/babel__template@7.4.4 from lock file
9.975 npm error Missing: @types/babel__traverse@7.28.0 from lock file
9.975 npm error Missing: babel-plugin-jest-hoist@29.6.3 from lock file
9.975 npm error Missing: babel-preset-current-node-syntax@1.2.0 from lock file
9.975 npm error Missing: @babel/plugin-syntax-async-generators@7.8.4 from lock file
9.975 npm error Missing: @babel/plugin-syntax-bigint@7.8.3 from lock file
9.975 npm error Missing: @babel/plugin-syntax-class-properties@7.12.13 from lock file
9.975 npm error Missing: @babel/plugin-syntax-class-static-block@7.14.5 from lock file
9.975 npm error Missing: @babel/plugin-syntax-import-attributes@7.27.1 from lock file
9.975 npm error Missing: @babel/plugin-syntax-import-meta@7.10.4 from lock file
9.975 npm error Missing: @babel/plugin-syntax-json-strings@7.8.3 from lock file
9.975 npm error Missing: @babel/plugin-syntax-logical-assignment-operators@7.10.4 from lock file
9.975 npm error Missing: @babel/plugin-syntax-nullish-coalescing-operator@7.8.3 from lock file
9.975 npm error Missing: @babel/plugin-syntax-numeric-separator@7.10.4 from lock file
9.975 npm error Missing: @babel/plugin-syntax-object-rest-spread@7.8.3 from lock file
9.975 npm error Missing: @babel/plugin-syntax-optional-catch-binding@7.8.3 from lock file
9.975 npm error Missing: @babel/plugin-syntax-optional-chaining@7.8.3 from lock file
9.975 npm error Missing: @babel/plugin-syntax-private-property-in-object@7.14.5 from lock file
9.975 npm error Missing: @babel/plugin-syntax-top-level-await@7.14.5 from lock file
9.975 npm error Missing: co@4.6.0 from lock file
9.975 npm error Missing: dedent@1.7.0 from lock file
9.975 npm error Missing: is-generator-fn@2.1.0 from lock file
9.975 npm error Missing: jest-each@29.7.0 from lock file
9.975 npm error Missing: pure-rand@6.1.0 from lock file
9.975 npm error Missing: stack-utils@2.0.6 from lock file
9.975 npm error Missing: @types/graceful-fs@4.1.9 from lock file
9.975 npm error Missing: anymatch@3.1.3 from lock file
9.975 npm error Missing: fb-watchman@2.0.2 from lock file
9.975 npm error Missing: fsevents@2.3.3 from lock file
9.975 npm error Missing: walker@1.0.8 from lock file
9.975 npm error Missing: normalize-path@3.0.0 from lock file
9.975 npm error Missing: bser@2.1.1 from lock file
9.975 npm error Missing: node-int64@0.4.0 from lock file
9.975 npm error Missing: jest-diff@29.7.0 from lock file
9.975 npm error Missing: diff-sequences@29.6.3 from lock file
9.975 npm error Missing: @types/stack-utils@2.0.3 from lock file
9.975 npm error Missing: jest-pnp-resolver@1.2.3 from lock file
9.975 npm error Missing: resolve@1.22.10 from lock file
9.975 npm error Missing: resolve.exports@2.0.3 from lock file
9.975 npm error Missing: emittery@0.13.1 from lock file
9.975 npm error Missing: jest-docblock@29.7.0 from lock file
9.975 npm error Missing: jest-leak-detector@29.7.0 from lock file
9.975 npm error Missing: source-map-support@0.5.13 from lock file
9.975 npm error Missing: detect-newline@3.1.0 from lock file
9.975 npm error Missing: @jest/source-map@29.6.3 from lock file
9.975 npm error Missing: cjs-module-lexer@1.4.3 from lock file
9.975 npm error Missing: glob@7.2.3 from lock file
9.975 npm error Missing: strip-bom@4.0.0 from lock file
9.975 npm error Missing: @jridgewell/trace-mapping@0.3.31 from lock file
9.975 npm error Missing: @babel/plugin-syntax-jsx@7.27.1 from lock file
9.975 npm error Missing: @babel/plugin-syntax-typescript@7.27.1 from lock file
9.975 npm error Missing: camelcase@6.3.0 from lock file
9.975 npm error Missing: leven@3.1.0 from lock file
9.975 npm error Missing: ansi-escapes@6.2.1 from lock file
9.975 npm error Missing: chalk@5.6.2 from lock file
9.975 npm error Missing: slash@5.1.0 from lock file
9.975 npm error Missing: string-length@5.0.1 from lock file
9.975 npm error Missing: strip-ansi@7.1.2 from lock file
9.975 npm error Missing: supports-color@8.1.1 from lock file
9.975 npm error Missing: mimic-fn@2.1.0 from lock file
9.975 npm error Missing: error-ex@1.3.4 from lock file
9.975 npm error Missing: json-parse-even-better-errors@2.3.1 from lock file
9.975 npm error Missing: lines-and-columns@1.2.4 from lock file
9.975 npm error Missing: is-arrayish@0.2.1 from lock file
9.975 npm error Missing: find-up@4.1.0 from lock file
9.975 npm error Missing: ansi-styles@5.2.0 from lock file
9.975 npm error Missing: react-is@18.3.1 from lock file
9.975 npm error Missing: kleur@3.0.3 from lock file
9.975 npm error Missing: sisteransi@1.0.5 from lock file
9.975 npm error Missing: is-core-module@2.16.1 from lock file
9.975 npm error Missing: path-parse@1.0.7 from lock file
9.975 npm error Missing: supports-preserve-symlinks-flag@1.0.0 from lock file
9.975 npm error Missing: resolve-from@5.0.0 from lock file
9.975 npm error Missing: buffer-from@1.1.2 from lock file
9.975 npm error Missing: escape-string-regexp@2.0.0 from lock file
9.975 npm error Missing: char-regex@1.0.2 from lock file
9.975 npm error Missing: glob@7.2.3 from lock file
9.975 npm error Missing: minimatch@3.1.2 from lock file
9.975 npm error Missing: bs-logger@0.2.6 from lock file
9.975 npm error Missing: handlebars@4.7.8 from lock file
9.975 npm error Missing: lodash.memoize@4.1.2 from lock file
9.975 npm error Missing: semver@7.7.3 from lock file
9.975 npm error Missing: type-fest@4.41.0 from lock file
9.975 npm error Missing: yargs-parser@21.1.1 from lock file
9.975 npm error Missing: minimist@1.2.8 from lock file
9.975 npm error Missing: neo-async@2.6.2 from lock file
9.975 npm error Missing: uglify-js@3.19.3 from lock file
9.975 npm error Missing: wordwrap@1.0.0 from lock file
9.975 npm error Missing: escalade@3.2.0 from lock file
9.975 npm error Missing: @jridgewell/trace-mapping@0.3.31 from lock file
9.975 npm error Missing: makeerror@1.0.12 from lock file
9.975 npm error Missing: tmpl@1.0.5 from lock file
9.975 npm error Missing: signal-exit@3.0.7 from lock file
9.975 npm error Missing: cliui@8.0.1 from lock file
9.975 npm error Missing: get-caller-file@2.0.5 from lock file
9.975 npm error Missing: require-directory@2.1.1 from lock file
9.975 npm error Missing: string-width@4.2.3 from lock file
9.975 npm error Missing: y18n@5.0.8 from lock file
9.975 npm error Missing: string-width@4.2.3 from lock file
9.975 npm error Missing: wrap-ansi@7.0.0 from lock file
9.975 npm error Missing: yallist@3.1.1 from lock file
9.975 npm error Missing: locate-path@5.0.0 from lock file
9.975 npm error Missing: argparse@1.0.10 from lock file
9.975 npm error Missing: esprima@4.0.1 from lock file
9.975 npm error Missing: sprintf-js@1.0.3 from lock file
9.975 npm error Missing: p-locate@4.1.0 from lock file
9.975 npm error Missing: p-limit@2.3.0 from lock file
9.975 npm error Missing: p-try@2.2.0 from lock file
9.975 npm error Missing: minimatch@3.1.2 from lock file
9.975 npm error Missing: brace-expansion@1.1.12 from lock file
9.975 npm error Missing: semver@6.3.1 from lock file
9.975 npm error Missing: emoji-regex@8.0.0 from lock file
9.975 npm error Missing: minimatch@3.1.2 from lock file
9.975 npm error Missing: brace-expansion@1.1.12 from lock file
9.975 npm error Missing: minimatch@3.1.2 from lock file
9.975 npm error Missing: brace-expansion@1.1.12 from lock file
9.975 npm error Missing: char-regex@2.0.2 from lock file
9.975 npm error Missing: ansi-regex@6.2.2 from lock file
9.975 npm error Missing: locate-path@5.0.0 from lock file
9.975 npm error Missing: p-locate@4.1.0 from lock file
9.975 npm error Missing: p-limit@2.3.0 from lock file
9.975 npm error Missing: brace-expansion@1.1.12 from lock file
9.975 npm error Missing: emoji-regex@8.0.0 from lock file
9.975 npm error
9.975 npm error Clean install a project
9.975 npm error
9.975 npm error Usage:
9.975 npm error npm ci
9.975 npm error
9.975 npm error Options:
9.975 npm error [--install-strategy <hoisted|nested|shallow|linked>] [--legacy-bundling]
9.975 npm error [--global-style] [--omit <dev|optional|peer> [--omit <dev|optional|peer> ...]]
9.975 npm error [--include <prod|dev|optional|peer> [--include <prod|dev|optional|peer> ...]]
9.975 npm error [--strict-peer-deps] [--foreground-scripts] [--ignore-scripts] [--no-audit]
9.975 npm error [--no-bin-links] [--no-fund] [--dry-run]
9.975 npm error [-w|--workspace <workspace-name> [-w|--workspace <workspace-name> ...]]
9.975 npm error [-ws|--workspaces] [--include-workspace-root] [--install-links]
9.975 npm error
9.975 npm error aliases: clean-install, ic, install-clean, isntall-clean
9.975 npm error
9.975 npm error Run "npm help ci" for more info
9.977 npm notice
9.977 npm notice New major version of npm available! 10.8.2 -> 11.6.2
9.977 npm notice Changelog: https://github.com/npm/cli/releases/tag/v11.6.2
9.977 npm notice To update run: npm install -g npm@11.6.2
9.977 npm notice
9.978 npm error A complete log of this run can be found in: /root/.npm/_logs/2025-10-17T19_19_39_342Z-debug-0.log   
------
Dockerfile:12

--------------------

  10 |

  11 |     # Install ALL dependencies (needed for build)

  12 | >>> RUN npm ci && npm cache clean --force

  13 |

  14 |     # Copy source code

--------------------

failed to solve: process "/bin/sh -c npm ci && npm cache clean --force" did not complete successfully: exit code: 1 



View build details: docker-desktop://dashboard/build/default/default/18gqlzd5p9c6gyieoayemtbly

PS C:\Users\uphol\Documents\Design\Coding\ahk-mcp> 